\BOOKMARK [0][-]{dummy.1}{\376\377\000A\000b\000s\000t\000r\000a\000c\000t}{}
\BOOKMARK [0][-]{dummy.2}{\376\377\000A\000c\000k\000n\000o\000w\000l\000e\000d\000g\000e\000m\000e\000n\000t\000s}{}
\BOOKMARK [0][-]{dummy.3}{\376\377\000C\000o\000n\000t\000e\000n\000t\000s}{}
\BOOKMARK [0][-]{dummy.5}{\376\377\000L\000i\000s\000t\000\040\000o\000f\000\040\000F\000i\000g\000u\000r\000e\000s}{}
\BOOKMARK [0][-]{chapter.7}{\376\377\0001\000\040\000I\000n\000t\000r\000o\000d\000u\000c\000t\000i\000o\000n}{}
\BOOKMARK [1][-]{section.8}{\376\377\0001\000.\0001\000\040\000M\000o\000t\000i\000v\000a\000t\000i\000o\000n}{chapter.7}
\BOOKMARK [1][-]{section.9}{\376\377\0001\000.\0002\000\040\000P\000r\000i\000o\000r\000\040\000W\000o\000r\000k}{chapter.7}
\BOOKMARK [1][-]{section.10}{\376\377\0001\000.\0003\000\040\000O\000r\000g\000a\000n\000i\000z\000a\000t\000i\000o\000n\000\040\000o\000f\000\040\000t\000h\000e\000\040\000T\000h\000e\000s\000i\000s}{chapter.7}
\BOOKMARK [0][-]{chapter.11}{\376\377\0002\000\040\000P\000r\000o\000b\000l\000e\000m\000\040\000S\000t\000a\000t\000e\000m\000e\000n\000t}{}
\BOOKMARK [0][-]{chapter.12}{\376\377\0003\000\040\000Q\000u\000a\000d\000-\000R\000o\000t\000o\000r\000\040\000D\000y\000n\000a\000m\000i\000c\000\040\000M\000o\000d\000e\000l}{}
\BOOKMARK [1][-]{section.13}{\376\377\0003\000.\0001\000\040\000D\000e\000s\000c\000r\000i\000p\000t\000i\000o\000n\000\040\000o\000f\000\040\000a\000\040\000Q\000u\000a\000d\000-\000R\000o\000t\000o\000r}{chapter.12}
\BOOKMARK [1][-]{section.15}{\376\377\0003\000.\0002\000\040\000C\000o\000o\000r\000d\000i\000n\000a\000t\000e\000\040\000S\000y\000s\000t\000e\000m\000\040\000D\000e\000f\000i\000n\000i\000t\000i\000o\000n\000s}{chapter.12}
\BOOKMARK [1][-]{section.17}{\376\377\0003\000.\0003\000\040\000M\000o\000t\000o\000r\000\040\000S\000p\000e\000e\000d\000s\000,\000\040\000T\000h\000r\000u\000s\000t\000\040\000a\000n\000d\000\040\000T\000o\000r\000q\000u\000e}{chapter.12}
\BOOKMARK [1][-]{section.21}{\376\377\0003\000.\0004\000\040\000E\000u\000l\000e\000r\000-\000L\000a\000g\000r\000a\000n\000g\000e\000\040\000E\000q\000u\000a\000t\000i\000o\000n\000s\000\040\000o\000f\000\040\000M\000o\000t\000i\000o\000n}{chapter.12}
\BOOKMARK [1][-]{section.41}{\376\377\0003\000.\0005\000\040\000A\000\040\000C\000o\000m\000p\000l\000e\000t\000e\000\040\000M\000o\000d\000e\000l}{chapter.12}
\BOOKMARK [0][-]{chapter.44}{\376\377\0004\000\040\000C\000l\000a\000s\000s\000i\000c\000a\000l\000\040\000O\000p\000t\000i\000m\000a\000l\000\040\000C\000o\000n\000t\000r\000o\000l\000\040\000F\000o\000r\000m\000u\000l\000a\000t\000i\000o\000n}{}
\BOOKMARK [1][-]{section.45}{\376\377\0004\000.\0001\000\040\000D\000e\000r\000i\000v\000a\000t\000i\000o\000n\000\040\000o\000f\000\040\000t\000h\000e\000\040\000O\000b\000j\000e\000c\000t\000i\000v\000e\000\040\000F\000u\000n\000c\000t\000i\000o\000n}{chapter.44}
\BOOKMARK [2][-]{subsection.46}{\376\377\0004\000.\0001\000.\0001\000\040\000L\000a\000g\000r\000a\000n\000g\000i\000a\000n}{section.45}
\BOOKMARK [2][-]{subsection.48}{\376\377\0004\000.\0001\000.\0002\000\040\000O\000b\000j\000e\000c\000t\000i\000v\000e\000\040\000F\000u\000n\000c\000t\000i\000o\000n}{section.45}
\BOOKMARK [1][-]{section.59}{\376\377\0004\000.\0002\000\040\000D\000e\000r\000i\000v\000a\000t\000i\000o\000n\000\040\000o\000f\000\040\000t\000h\000e\000\040\000O\000p\000t\000i\000m\000a\000l\000i\000t\000y\000\040\000C\000o\000n\000d\000i\000t\000i\000o\000n\000s}{chapter.44}
\BOOKMARK [1][-]{section.74}{\376\377\0004\000.\0003\000\040\000S\000o\000l\000v\000i\000n\000g\000\040\000t\000h\000e\000\040\000B\000o\000u\000n\000d\000a\000r\000y\000\040\000V\000a\000l\000u\000e\000\040\000P\000r\000o\000b\000l\000e\000m}{chapter.44}
\BOOKMARK [2][-]{subsection.75}{\376\377\0004\000.\0003\000.\0001\000\040\000S\000h\000o\000o\000t\000i\000n\000g\000\040\000M\000e\000t\000h\000o\000d}{section.74}
\BOOKMARK [2][-]{subsection.76}{\376\377\0004\000.\0003\000.\0002\000\040\000F\000i\000n\000i\000t\000e\000\040\000D\000i\000f\000f\000e\000r\000e\000n\000c\000e\000\040\000M\000e\000t\000h\000o\000d}{section.74}
\BOOKMARK [0][-]{chapter.77}{\376\377\0005\000\040\000Q\000u\000a\000d\000-\000r\000o\000t\000o\000r\000\040\000B\000o\000u\000n\000d\000a\000r\000y\000\040\000V\000a\000l\000u\000e\000\040\000P\000r\000o\000b\000l\000e\000m}{}
\BOOKMARK [1][-]{section.78}{\376\377\0005\000.\0001\000\040\000C\000o\000-\000S\000t\000a\000t\000e\000\040\000E\000q\000u\000a\000t\000i\000o\000n\000s}{chapter.77}
\BOOKMARK [1][-]{section.85}{\376\377\0005\000.\0002\000\040\000S\000e\000c\000o\000n\000d\000a\000r\000y\000\040\000A\000l\000g\000e\000b\000r\000a\000i\000c\000\040\000C\000o\000-\000S\000t\000a\000t\000e\000\040\000E\000q\000u\000a\000t\000i\000o\000n\000s}{chapter.77}
\BOOKMARK [1][-]{section.93}{\376\377\0005\000.\0003\000\040\000S\000t\000a\000t\000i\000o\000n\000a\000r\000i\000t\000y\000\040\000C\000o\000n\000d\000i\000t\000i\000o\000n\000s}{chapter.77}
\BOOKMARK [1][-]{section.99}{\376\377\0005\000.\0004\000\040\000D\000i\000s\000c\000r\000e\000t\000i\000z\000a\000t\000i\000o\000n}{chapter.77}
\BOOKMARK [1][-]{section.106}{\376\377\0005\000.\0005\000\040\000A\000\040\000F\000i\000n\000i\000t\000e\000\040\000D\000i\000f\000f\000e\000r\000e\000n\000c\000e\000\040\000S\000o\000l\000u\000t\000i\000o\000n\000\040\000t\000o\000\040\000t\000h\000e\000\040\000Q\000u\000a\000d\000-\000R\000o\000t\000o\000r\000\040\000B\000o\000u\000n\000d\000a\000r\000y\000\040\000V\000a\000l\000u\000e\000\040\000P\000r\000o\000b\000l\000e\000m}{chapter.77}
\BOOKMARK [0][-]{chapter.112}{\376\377\0006\000\040\000P\000I\000D\000/\000P\000D\000\040\000C\000o\000n\000t\000r\000o\000l}{}
\BOOKMARK [1][-]{section.113}{\376\377\0006\000.\0001\000\040\000D\000e\000r\000i\000v\000i\000n\000g\000\040\000t\000h\000e\000\040\000C\000o\000n\000t\000r\000o\000l\000\040\000E\000x\000p\000r\000e\000s\000s\000i\000o\000n\000s}{chapter.112}
\BOOKMARK [1][-]{section.142}{\376\377\0006\000.\0002\000\040\000T\000e\000s\000t\000i\000n\000g\000\040\000t\000h\000e\000\040\000C\000o\000n\000t\000r\000o\000l\000\040\000S\000c\000h\000e\000m\000e}{chapter.112}
\BOOKMARK [0][-]{chapter.150}{\376\377\0007\000\040\000P\000I\000D\000\040\000G\000a\000i\000n\000\040\000O\000p\000t\000i\000m\000i\000z\000a\000t\000i\000o\000n}{}
\BOOKMARK [1][-]{section.151}{\376\377\0007\000.\0001\000\040\000I\000n\000i\000t\000i\000a\000l\000\040\000S\000i\000m\000u\000l\000a\000t\000i\000o\000n\000\040\000R\000e\000s\000u\000l\000t\000s}{chapter.150}
\BOOKMARK [1][-]{section.158}{\376\377\0007\000.\0002\000\040\000B\000r\000u\000t\000e\000\040\000F\000o\000r\000c\000e\000\040\000S\000i\000m\000u\000l\000a\000t\000i\000o\000n\000\040\000R\000e\000s\000u\000l\000t\000s}{chapter.150}
\BOOKMARK [0][-]{chapter.162}{\376\377\0008\000\040\000S\000u\000m\000m\000a\000r\000y\000\040\000a\000n\000d\000\040\000F\000u\000t\000u\000r\000e\000\040\000W\000o\000r\000k}{}
\BOOKMARK [1][-]{section.163}{\376\377\0008\000.\0001\000\040\000S\000u\000m\000m\000a\000r\000y}{chapter.162}
\BOOKMARK [1][-]{section.164}{\376\377\0008\000.\0002\000\040\000F\000u\000r\000t\000h\000e\000r\000\040\000W\000o\000r\000k}{chapter.162}
\BOOKMARK [0][-]{appendix.165}{\376\377\000A\000\040\000a\000g\000e\000n\000t\000M\000o\000d\000u\000l\000e\000.\000p\000y}{}
\BOOKMARK [0][-]{appendix.1079}{\376\377\000B\000\040\000w\000a\000y\000p\000o\000i\000n\000t\000N\000a\000v\000i\000g\000a\000t\000i\000o\000n\000.\000p\000y}{}
\BOOKMARK [0][-]{appendix.1252}{\376\377\000C\000\040\000b\000r\000u\000t\000e\000F\000o\000r\000c\000e\000F\000u\000n\000c\000t\000i\000o\000n\000s\000.\000p\000y}{}
\BOOKMARK [0][-]{appendix.1544}{\376\377\000D\000\040\000r\000u\000n\000S\000i\000m\000s\000B\000r\000u\000t\000e\000F\000o\000r\000c\000e\000.\000p\000y}{}
\BOOKMARK [0][-]{appendix.1682}{\376\377\000E\000\040\000p\000a\000r\000s\000e\000R\000e\000s\000u\000l\000t\000s\000.\000p\000y}{}
\BOOKMARK [0][-]{appendix.1801}{\376\377\000F\000\040\000f\000i\000n\000i\000t\000e\000D\000i\000f\000f\000S\000o\000l\000u\000t\000i\000o\000n\000.\000p\000y}{}
\BOOKMARK [0][-]{dummy.2788}{\376\377\000B\000i\000b\000l\000i\000o\000g\000r\000a\000p\000h\000y}{}
